Terminals unused in grammar

   NEG


Grammar

    0 $accept: Program $end

    1 Program: ExtDefList

    2 ExtDefList: ExtDef ExtDefList
    3           | %empty

    4 ExtDef: Specifier ExtDecList SEMI
    5       | Specifier SEMI
    6       | Specifier FunDec CompSt
    7       | error SEMI
    8       | Specifier error
    9       | Specifier error SEMI

   10 ExtDecList: VarDec
   11           | VarDec COMMA ExtDecList
   12           | VarDec error ExtDecList

   13 Specifier: TYPE
   14          | StructSpecifier

   15 StructSpecifier: STRUCT OptTag LC DefList RC
   16                | STRUCT Tag

   17 OptTag: ID
   18       | %empty

   19 Tag: ID

   20 VarDec: ID
   21       | VarDec LB INT RB
   22       | VarDec LB error RB

   23 FunDec: ID LP VarList RP
   24       | ID LP RP
   25       | ID LP error RP

   26 VarList: ParamDec COMMA VarList
   27        | ParamDec

   28 ParamDec: Specifier VarDec

   29 CompSt: LC DefList StmtList RC

   30 StmtList: Stmt StmtList
   31         | %empty

   32 Stmt: Exp SEMI
   33     | Exp error SEMI
   34     | CompSt
   35     | RETURN Exp SEMI
   36     | IF LP Exp RP Stmt
   37     | IF LP Exp RP Stmt ELSE Stmt
   38     | WHILE LP Exp RP Stmt
   39     | error SEMI
   40     | Exp error
   41     | RETURN Exp error
   42     | IF LP error RP Stmt
   43     | IF LP error RP Stmt ELSE Stmt
   44     | WHILE LP error RP Stmt

   45 DefList: Def DefList
   46        | %empty

   47 Def: Specifier DecList SEMI
   48    | Specifier error SEMI
   49    | Specifier DecList error

   50 DecList: Dec
   51        | Dec COMMA DecList

   52 Dec: VarDec
   53    | VarDec ASSIGNOP Exp

   54 Exp: Exp ASSIGNOP Exp
   55    | Exp AND Exp
   56    | Exp OR Exp
   57    | Exp RELOP Exp
   58    | Exp PLUS Exp
   59    | Exp MINUS Exp
   60    | Exp STAR Exp
   61    | Exp DIV Exp
   62    | LP Exp RP
   63    | MINUS Exp
   64    | NOT Exp
   65    | ID LP Args RP
   66    | ID LP RP
   67    | Exp LB Exp RB
   68    | Exp DOT ID
   69    | ID
   70    | INT
   71    | FLOAT
   72    | Exp ASSIGNOP error
   73    | Exp AND error
   74    | Exp OR error
   75    | Exp RELOP error
   76    | Exp PLUS error
   77    | Exp MINUS error
   78    | Exp STAR error
   79    | Exp DIV error
   80    | LP error RP
   81    | MINUS error
   82    | NOT error
   83    | ID LP error RP
   84    | Exp LB error RB

   85 Args: Exp COMMA Args
   86     | Exp


Terminals, with rules where they appear

$end (0) 0
error (256) 7 8 9 12 22 25 33 39 40 41 42 43 44 48 49 72 73 74 75 76
    77 78 79 80 81 82 83 84
INT (258) 21 70
FLOAT (259) 71
ID (260) 17 19 20 23 24 25 65 66 68 69 83
SEMI (261) 4 5 7 9 32 33 35 39 47 48
COMMA (262) 11 26 51 85
ASSIGNOP (263) 53 54 72
RELOP (264) 57 75
PLUS (265) 58 76
MINUS (266) 59 63 77 81
STAR (267) 60 78
DIV (268) 61 79
AND (269) 55 73
OR (270) 56 74
DOT (271) 68
NOT (272) 64 82
TYPE (273) 13
LP (274) 23 24 25 36 37 38 42 43 44 62 65 66 80 83
RP (275) 23 24 25 36 37 38 42 43 44 62 65 66 80 83
LB (276) 21 22 67 84
RB (277) 21 22 67 84
LC (278) 15 29
RC (279) 15 29
STRUCT (280) 15 16
RETURN (281) 35 41
IF (282) 36 37 42 43
ELSE (283) 37 43
WHILE (284) 38 44
NEG (285)
LOWER_THAN_ELSE (286)


Nonterminals, with rules where they appear

$accept (32)
    on left: 0
Program (33)
    on left: 1, on right: 0
ExtDefList (34)
    on left: 2 3, on right: 1 2
ExtDef (35)
    on left: 4 5 6 7 8 9, on right: 2
ExtDecList (36)
    on left: 10 11 12, on right: 4 11 12
Specifier (37)
    on left: 13 14, on right: 4 5 6 8 9 28 47 48 49
StructSpecifier (38)
    on left: 15 16, on right: 14
OptTag (39)
    on left: 17 18, on right: 15
Tag (40)
    on left: 19, on right: 16
VarDec (41)
    on left: 20 21 22, on right: 10 11 12 21 22 28 52 53
FunDec (42)
    on left: 23 24 25, on right: 6
VarList (43)
    on left: 26 27, on right: 23 26
ParamDec (44)
    on left: 28, on right: 26 27
CompSt (45)
    on left: 29, on right: 6 34
StmtList (46)
    on left: 30 31, on right: 29 30
Stmt (47)
    on left: 32 33 34 35 36 37 38 39 40 41 42 43 44, on right: 30 36
    37 38 42 43 44
DefList (48)
    on left: 45 46, on right: 15 29 45
Def (49)
    on left: 47 48 49, on right: 45
DecList (50)
    on left: 50 51, on right: 47 49 51
Dec (51)
    on left: 52 53, on right: 50 51
Exp (52)
    on left: 54 55 56 57 58 59 60 61 62 63 64 65 66 67 68 69 70 71
    72 73 74 75 76 77 78 79 80 81 82 83 84, on right: 32 33 35 36 37
    38 40 41 53 54 55 56 57 58 59 60 61 62 63 64 67 68 72 73 74 75
    76 77 78 79 84 85 86
Args (53)
    on left: 85 86, on right: 65 85


State 0

    0 $accept: . Program $end

    error   shift, and go to state 1
    TYPE    shift, and go to state 2
    STRUCT  shift, and go to state 3

    $end  reduce using rule 3 (ExtDefList)

    Program          go to state 4
    ExtDefList       go to state 5
    ExtDef           go to state 6
    Specifier        go to state 7
    StructSpecifier  go to state 8


State 1

    7 ExtDef: error . SEMI

    SEMI  shift, and go to state 9


State 2

   13 Specifier: TYPE .

    $default  reduce using rule 13 (Specifier)


State 3

   15 StructSpecifier: STRUCT . OptTag LC DefList RC
   16                | STRUCT . Tag

    ID  shift, and go to state 10

    $default  reduce using rule 18 (OptTag)

    OptTag  go to state 11
    Tag     go to state 12


State 4

    0 $accept: Program . $end

    $end  shift, and go to state 13


State 5

    1 Program: ExtDefList .

    $default  reduce using rule 1 (Program)


State 6

    2 ExtDefList: ExtDef . ExtDefList

    error   shift, and go to state 1
    TYPE    shift, and go to state 2
    STRUCT  shift, and go to state 3

    $end  reduce using rule 3 (ExtDefList)

    ExtDefList       go to state 14
    ExtDef           go to state 6
    Specifier        go to state 7
    StructSpecifier  go to state 8


State 7

    4 ExtDef: Specifier . ExtDecList SEMI
    5       | Specifier . SEMI
    6       | Specifier . FunDec CompSt
    8       | Specifier . error
    9       | Specifier . error SEMI

    error  shift, and go to state 15
    ID     shift, and go to state 16
    SEMI   shift, and go to state 17

    ExtDecList  go to state 18
    VarDec      go to state 19
    FunDec      go to state 20


State 8

   14 Specifier: StructSpecifier .

    $default  reduce using rule 14 (Specifier)


State 9

    7 ExtDef: error SEMI .

    $default  reduce using rule 7 (ExtDef)


State 10

   17 OptTag: ID .
   19 Tag: ID .

    LC        reduce using rule 17 (OptTag)
    $default  reduce using rule 19 (Tag)


State 11

   15 StructSpecifier: STRUCT OptTag . LC DefList RC

    LC  shift, and go to state 21


State 12

   16 StructSpecifier: STRUCT Tag .

    $default  reduce using rule 16 (StructSpecifier)


State 13

    0 $accept: Program $end .

    $default  accept


State 14

    2 ExtDefList: ExtDef ExtDefList .

    $default  reduce using rule 2 (ExtDefList)


State 15

    8 ExtDef: Specifier error .
    9       | Specifier error . SEMI

    SEMI  shift, and go to state 22

    $default  reduce using rule 8 (ExtDef)


State 16

   20 VarDec: ID .
   23 FunDec: ID . LP VarList RP
   24       | ID . LP RP
   25       | ID . LP error RP

    LP  shift, and go to state 23

    $default  reduce using rule 20 (VarDec)


State 17

    5 ExtDef: Specifier SEMI .

    $default  reduce using rule 5 (ExtDef)


State 18

    4 ExtDef: Specifier ExtDecList . SEMI

    SEMI  shift, and go to state 24


State 19

   10 ExtDecList: VarDec .
   11           | VarDec . COMMA ExtDecList
   12           | VarDec . error ExtDecList
   21 VarDec: VarDec . LB INT RB
   22       | VarDec . LB error RB

    error  shift, and go to state 25
    COMMA  shift, and go to state 26
    LB     shift, and go to state 27

    SEMI  reduce using rule 10 (ExtDecList)


State 20

    6 ExtDef: Specifier FunDec . CompSt

    LC  shift, and go to state 28

    CompSt  go to state 29


State 21

   15 StructSpecifier: STRUCT OptTag LC . DefList RC

    TYPE    shift, and go to state 2
    STRUCT  shift, and go to state 3

    $default  reduce using rule 46 (DefList)

    Specifier        go to state 30
    StructSpecifier  go to state 8
    DefList          go to state 31
    Def              go to state 32


State 22

    9 ExtDef: Specifier error SEMI .

    $default  reduce using rule 9 (ExtDef)


State 23

   23 FunDec: ID LP . VarList RP
   24       | ID LP . RP
   25       | ID LP . error RP

    error   shift, and go to state 33
    TYPE    shift, and go to state 2
    RP      shift, and go to state 34
    STRUCT  shift, and go to state 3

    Specifier        go to state 35
    StructSpecifier  go to state 8
    VarList          go to state 36
    ParamDec         go to state 37


State 24

    4 ExtDef: Specifier ExtDecList SEMI .

    $default  reduce using rule 4 (ExtDef)


State 25

   12 ExtDecList: VarDec error . ExtDecList

    ID  shift, and go to state 38

    ExtDecList  go to state 39
    VarDec      go to state 19


State 26

   11 ExtDecList: VarDec COMMA . ExtDecList

    ID  shift, and go to state 38

    ExtDecList  go to state 40
    VarDec      go to state 19


State 27

   21 VarDec: VarDec LB . INT RB
   22       | VarDec LB . error RB

    error  shift, and go to state 41
    INT    shift, and go to state 42


State 28

   29 CompSt: LC . DefList StmtList RC

    TYPE    shift, and go to state 2
    STRUCT  shift, and go to state 3

    $default  reduce using rule 46 (DefList)

    Specifier        go to state 30
    StructSpecifier  go to state 8
    DefList          go to state 43
    Def              go to state 32


State 29

    6 ExtDef: Specifier FunDec CompSt .

    $default  reduce using rule 6 (ExtDef)


State 30

   47 Def: Specifier . DecList SEMI
   48    | Specifier . error SEMI
   49    | Specifier . DecList error

    error  shift, and go to state 44
    ID     shift, and go to state 38

    VarDec   go to state 45
    DecList  go to state 46
    Dec      go to state 47


State 31

   15 StructSpecifier: STRUCT OptTag LC DefList . RC

    RC  shift, and go to state 48


State 32

   45 DefList: Def . DefList

    TYPE    shift, and go to state 2
    STRUCT  shift, and go to state 3

    $default  reduce using rule 46 (DefList)

    Specifier        go to state 30
    StructSpecifier  go to state 8
    DefList          go to state 49
    Def              go to state 32


State 33

   25 FunDec: ID LP error . RP

    RP  shift, and go to state 50


State 34

   24 FunDec: ID LP RP .

    $default  reduce using rule 24 (FunDec)


State 35

   28 ParamDec: Specifier . VarDec

    ID  shift, and go to state 38

    VarDec  go to state 51


State 36

   23 FunDec: ID LP VarList . RP

    RP  shift, and go to state 52


State 37

   26 VarList: ParamDec . COMMA VarList
   27        | ParamDec .

    COMMA  shift, and go to state 53

    $default  reduce using rule 27 (VarList)


State 38

   20 VarDec: ID .

    $default  reduce using rule 20 (VarDec)


State 39

   12 ExtDecList: VarDec error ExtDecList .

    $default  reduce using rule 12 (ExtDecList)


State 40

   11 ExtDecList: VarDec COMMA ExtDecList .

    $default  reduce using rule 11 (ExtDecList)


State 41

   22 VarDec: VarDec LB error . RB

    RB  shift, and go to state 54


State 42

   21 VarDec: VarDec LB INT . RB

    RB  shift, and go to state 55


State 43

   29 CompSt: LC DefList . StmtList RC

    error   shift, and go to state 56
    INT     shift, and go to state 57
    FLOAT   shift, and go to state 58
    ID      shift, and go to state 59
    MINUS   shift, and go to state 60
    NOT     shift, and go to state 61
    LP      shift, and go to state 62
    LC      shift, and go to state 28
    RETURN  shift, and go to state 63
    IF      shift, and go to state 64
    WHILE   shift, and go to state 65

    RC  reduce using rule 31 (StmtList)

    CompSt    go to state 66
    StmtList  go to state 67
    Stmt      go to state 68
    Exp       go to state 69


State 44

   48 Def: Specifier error . SEMI

    SEMI  shift, and go to state 70


State 45

   21 VarDec: VarDec . LB INT RB
   22       | VarDec . LB error RB
   52 Dec: VarDec .
   53    | VarDec . ASSIGNOP Exp

    ASSIGNOP  shift, and go to state 71
    LB        shift, and go to state 27

    $default  reduce using rule 52 (Dec)


State 46

   47 Def: Specifier DecList . SEMI
   49    | Specifier DecList . error

    error  shift, and go to state 72
    SEMI   shift, and go to state 73


State 47

   50 DecList: Dec .
   51        | Dec . COMMA DecList

    COMMA  shift, and go to state 74

    $default  reduce using rule 50 (DecList)


State 48

   15 StructSpecifier: STRUCT OptTag LC DefList RC .

    $default  reduce using rule 15 (StructSpecifier)


State 49

   45 DefList: Def DefList .

    $default  reduce using rule 45 (DefList)


State 50

   25 FunDec: ID LP error RP .

    $default  reduce using rule 25 (FunDec)


State 51

   21 VarDec: VarDec . LB INT RB
   22       | VarDec . LB error RB
   28 ParamDec: Specifier VarDec .

    LB  shift, and go to state 27

    $default  reduce using rule 28 (ParamDec)


State 52

   23 FunDec: ID LP VarList RP .

    $default  reduce using rule 23 (FunDec)


State 53

   26 VarList: ParamDec COMMA . VarList

    TYPE    shift, and go to state 2
    STRUCT  shift, and go to state 3

    Specifier        go to state 35
    StructSpecifier  go to state 8
    VarList          go to state 75
    ParamDec         go to state 37


State 54

   22 VarDec: VarDec LB error RB .

    $default  reduce using rule 22 (VarDec)


State 55

   21 VarDec: VarDec LB INT RB .

    $default  reduce using rule 21 (VarDec)


State 56

   39 Stmt: error . SEMI

    SEMI  shift, and go to state 76


State 57

   70 Exp: INT .

    $default  reduce using rule 70 (Exp)


State 58

   71 Exp: FLOAT .

    $default  reduce using rule 71 (Exp)


State 59

   65 Exp: ID . LP Args RP
   66    | ID . LP RP
   69    | ID .
   83    | ID . LP error RP

    LP  shift, and go to state 77

    $default  reduce using rule 69 (Exp)


State 60

   63 Exp: MINUS . Exp
   81    | MINUS . error

    error  shift, and go to state 78
    INT    shift, and go to state 57
    FLOAT  shift, and go to state 58
    ID     shift, and go to state 59
    MINUS  shift, and go to state 60
    NOT    shift, and go to state 61
    LP     shift, and go to state 62

    Exp  go to state 79


State 61

   64 Exp: NOT . Exp
   82    | NOT . error

    error  shift, and go to state 80
    INT    shift, and go to state 57
    FLOAT  shift, and go to state 58
    ID     shift, and go to state 59
    MINUS  shift, and go to state 60
    NOT    shift, and go to state 61
    LP     shift, and go to state 62

    Exp  go to state 81


State 62

   62 Exp: LP . Exp RP
   80    | LP . error RP

    error  shift, and go to state 82
    INT    shift, and go to state 57
    FLOAT  shift, and go to state 58
    ID     shift, and go to state 59
    MINUS  shift, and go to state 60
    NOT    shift, and go to state 61
    LP     shift, and go to state 62

    Exp  go to state 83


State 63

   35 Stmt: RETURN . Exp SEMI
   41     | RETURN . Exp error

    INT    shift, and go to state 57
    FLOAT  shift, and go to state 58
    ID     shift, and go to state 59
    MINUS  shift, and go to state 60
    NOT    shift, and go to state 61
    LP     shift, and go to state 62

    Exp  go to state 84


State 64

   36 Stmt: IF . LP Exp RP Stmt
   37     | IF . LP Exp RP Stmt ELSE Stmt
   42     | IF . LP error RP Stmt
   43     | IF . LP error RP Stmt ELSE Stmt

    LP  shift, and go to state 85


State 65

   38 Stmt: WHILE . LP Exp RP Stmt
   44     | WHILE . LP error RP Stmt

    LP  shift, and go to state 86


State 66

   34 Stmt: CompSt .

    $default  reduce using rule 34 (Stmt)


State 67

   29 CompSt: LC DefList StmtList . RC

    RC  shift, and go to state 87


State 68

   30 StmtList: Stmt . StmtList

    error   shift, and go to state 56
    INT     shift, and go to state 57
    FLOAT   shift, and go to state 58
    ID      shift, and go to state 59
    MINUS   shift, and go to state 60
    NOT     shift, and go to state 61
    LP      shift, and go to state 62
    LC      shift, and go to state 28
    RETURN  shift, and go to state 63
    IF      shift, and go to state 64
    WHILE   shift, and go to state 65

    RC  reduce using rule 31 (StmtList)

    CompSt    go to state 66
    StmtList  go to state 88
    Stmt      go to state 68
    Exp       go to state 69


State 69

   32 Stmt: Exp . SEMI
   33     | Exp . error SEMI
   40     | Exp . error
   54 Exp: Exp . ASSIGNOP Exp
   55    | Exp . AND Exp
   56    | Exp . OR Exp
   57    | Exp . RELOP Exp
   58    | Exp . PLUS Exp
   59    | Exp . MINUS Exp
   60    | Exp . STAR Exp
   61    | Exp . DIV Exp
   67    | Exp . LB Exp RB
   68    | Exp . DOT ID
   72    | Exp . ASSIGNOP error
   73    | Exp . AND error
   74    | Exp . OR error
   75    | Exp . RELOP error
   76    | Exp . PLUS error
   77    | Exp . MINUS error
   78    | Exp . STAR error
   79    | Exp . DIV error
   84    | Exp . LB error RB

    error     shift, and go to state 89
    SEMI      shift, and go to state 90
    ASSIGNOP  shift, and go to state 91
    RELOP     shift, and go to state 92
    PLUS      shift, and go to state 93
    MINUS     shift, and go to state 94
    STAR      shift, and go to state 95
    DIV       shift, and go to state 96
    AND       shift, and go to state 97
    OR        shift, and go to state 98
    DOT       shift, and go to state 99
    LB        shift, and go to state 100


State 70

   48 Def: Specifier error SEMI .

    $default  reduce using rule 48 (Def)


State 71

   53 Dec: VarDec ASSIGNOP . Exp

    INT    shift, and go to state 57
    FLOAT  shift, and go to state 58
    ID     shift, and go to state 59
    MINUS  shift, and go to state 60
    NOT    shift, and go to state 61
    LP     shift, and go to state 62

    Exp  go to state 101


State 72

   49 Def: Specifier DecList error .

    $default  reduce using rule 49 (Def)


State 73

   47 Def: Specifier DecList SEMI .

    $default  reduce using rule 47 (Def)


State 74

   51 DecList: Dec COMMA . DecList

    ID  shift, and go to state 38

    VarDec   go to state 45
    DecList  go to state 102
    Dec      go to state 47


State 75

   26 VarList: ParamDec COMMA VarList .

    $default  reduce using rule 26 (VarList)


State 76

   39 Stmt: error SEMI .

    $default  reduce using rule 39 (Stmt)


State 77

   65 Exp: ID LP . Args RP
   66    | ID LP . RP
   83    | ID LP . error RP

    error  shift, and go to state 103
    INT    shift, and go to state 57
    FLOAT  shift, and go to state 58
    ID     shift, and go to state 59
    MINUS  shift, and go to state 60
    NOT    shift, and go to state 61
    LP     shift, and go to state 62
    RP     shift, and go to state 104

    Exp   go to state 105
    Args  go to state 106


State 78

   81 Exp: MINUS error .

    $default  reduce using rule 81 (Exp)


State 79

   54 Exp: Exp . ASSIGNOP Exp
   55    | Exp . AND Exp
   56    | Exp . OR Exp
   57    | Exp . RELOP Exp
   58    | Exp . PLUS Exp
   59    | Exp . MINUS Exp
   60    | Exp . STAR Exp
   61    | Exp . DIV Exp
   63    | MINUS Exp .
   67    | Exp . LB Exp RB
   68    | Exp . DOT ID
   72    | Exp . ASSIGNOP error
   73    | Exp . AND error
   74    | Exp . OR error
   75    | Exp . RELOP error
   76    | Exp . PLUS error
   77    | Exp . MINUS error
   78    | Exp . STAR error
   79    | Exp . DIV error
   84    | Exp . LB error RB

    STAR  shift, and go to state 95
    DIV   shift, and go to state 96
    DOT   shift, and go to state 99
    LB    shift, and go to state 100

    $default  reduce using rule 63 (Exp)


State 80

   82 Exp: NOT error .

    $default  reduce using rule 82 (Exp)


State 81

   54 Exp: Exp . ASSIGNOP Exp
   55    | Exp . AND Exp
   56    | Exp . OR Exp
   57    | Exp . RELOP Exp
   58    | Exp . PLUS Exp
   59    | Exp . MINUS Exp
   60    | Exp . STAR Exp
   61    | Exp . DIV Exp
   64    | NOT Exp .
   67    | Exp . LB Exp RB
   68    | Exp . DOT ID
   72    | Exp . ASSIGNOP error
   73    | Exp . AND error
   74    | Exp . OR error
   75    | Exp . RELOP error
   76    | Exp . PLUS error
   77    | Exp . MINUS error
   78    | Exp . STAR error
   79    | Exp . DIV error
   84    | Exp . LB error RB

    DOT  shift, and go to state 99
    LB   shift, and go to state 100

    $default  reduce using rule 64 (Exp)


State 82

   80 Exp: LP error . RP

    RP  shift, and go to state 107


State 83

   54 Exp: Exp . ASSIGNOP Exp
   55    | Exp . AND Exp
   56    | Exp . OR Exp
   57    | Exp . RELOP Exp
   58    | Exp . PLUS Exp
   59    | Exp . MINUS Exp
   60    | Exp . STAR Exp
   61    | Exp . DIV Exp
   62    | LP Exp . RP
   67    | Exp . LB Exp RB
   68    | Exp . DOT ID
   72    | Exp . ASSIGNOP error
   73    | Exp . AND error
   74    | Exp . OR error
   75    | Exp . RELOP error
   76    | Exp . PLUS error
   77    | Exp . MINUS error
   78    | Exp . STAR error
   79    | Exp . DIV error
   84    | Exp . LB error RB

    ASSIGNOP  shift, and go to state 91
    RELOP     shift, and go to state 92
    PLUS      shift, and go to state 93
    MINUS     shift, and go to state 94
    STAR      shift, and go to state 95
    DIV       shift, and go to state 96
    AND       shift, and go to state 97
    OR        shift, and go to state 98
    DOT       shift, and go to state 99
    RP        shift, and go to state 108
    LB        shift, and go to state 100


State 84

   35 Stmt: RETURN Exp . SEMI
   41     | RETURN Exp . error
   54 Exp: Exp . ASSIGNOP Exp
   55    | Exp . AND Exp
   56    | Exp . OR Exp
   57    | Exp . RELOP Exp
   58    | Exp . PLUS Exp
   59    | Exp . MINUS Exp
   60    | Exp . STAR Exp
   61    | Exp . DIV Exp
   67    | Exp . LB Exp RB
   68    | Exp . DOT ID
   72    | Exp . ASSIGNOP error
   73    | Exp . AND error
   74    | Exp . OR error
   75    | Exp . RELOP error
   76    | Exp . PLUS error
   77    | Exp . MINUS error
   78    | Exp . STAR error
   79    | Exp . DIV error
   84    | Exp . LB error RB

    error     shift, and go to state 109
    SEMI      shift, and go to state 110
    ASSIGNOP  shift, and go to state 91
    RELOP     shift, and go to state 92
    PLUS      shift, and go to state 93
    MINUS     shift, and go to state 94
    STAR      shift, and go to state 95
    DIV       shift, and go to state 96
    AND       shift, and go to state 97
    OR        shift, and go to state 98
    DOT       shift, and go to state 99
    LB        shift, and go to state 100


State 85

   36 Stmt: IF LP . Exp RP Stmt
   37     | IF LP . Exp RP Stmt ELSE Stmt
   42     | IF LP . error RP Stmt
   43     | IF LP . error RP Stmt ELSE Stmt

    error  shift, and go to state 111
    INT    shift, and go to state 57
    FLOAT  shift, and go to state 58
    ID     shift, and go to state 59
    MINUS  shift, and go to state 60
    NOT    shift, and go to state 61
    LP     shift, and go to state 62

    Exp  go to state 112


State 86

   38 Stmt: WHILE LP . Exp RP Stmt
   44     | WHILE LP . error RP Stmt

    error  shift, and go to state 113
    INT    shift, and go to state 57
    FLOAT  shift, and go to state 58
    ID     shift, and go to state 59
    MINUS  shift, and go to state 60
    NOT    shift, and go to state 61
    LP     shift, and go to state 62

    Exp  go to state 114


State 87

   29 CompSt: LC DefList StmtList RC .

    $default  reduce using rule 29 (CompSt)


State 88

   30 StmtList: Stmt StmtList .

    $default  reduce using rule 30 (StmtList)


State 89

   33 Stmt: Exp error . SEMI
   40     | Exp error .

    SEMI  shift, and go to state 115

    $default  reduce using rule 40 (Stmt)


State 90

   32 Stmt: Exp SEMI .

    $default  reduce using rule 32 (Stmt)


State 91

   54 Exp: Exp ASSIGNOP . Exp
   72    | Exp ASSIGNOP . error

    error  shift, and go to state 116
    INT    shift, and go to state 57
    FLOAT  shift, and go to state 58
    ID     shift, and go to state 59
    MINUS  shift, and go to state 60
    NOT    shift, and go to state 61
    LP     shift, and go to state 62

    Exp  go to state 117


State 92

   57 Exp: Exp RELOP . Exp
   75    | Exp RELOP . error

    error  shift, and go to state 118
    INT    shift, and go to state 57
    FLOAT  shift, and go to state 58
    ID     shift, and go to state 59
    MINUS  shift, and go to state 60
    NOT    shift, and go to state 61
    LP     shift, and go to state 62

    Exp  go to state 119


State 93

   58 Exp: Exp PLUS . Exp
   76    | Exp PLUS . error

    error  shift, and go to state 120
    INT    shift, and go to state 57
    FLOAT  shift, and go to state 58
    ID     shift, and go to state 59
    MINUS  shift, and go to state 60
    NOT    shift, and go to state 61
    LP     shift, and go to state 62

    Exp  go to state 121


State 94

   59 Exp: Exp MINUS . Exp
   77    | Exp MINUS . error

    error  shift, and go to state 122
    INT    shift, and go to state 57
    FLOAT  shift, and go to state 58
    ID     shift, and go to state 59
    MINUS  shift, and go to state 60
    NOT    shift, and go to state 61
    LP     shift, and go to state 62

    Exp  go to state 123


State 95

   60 Exp: Exp STAR . Exp
   78    | Exp STAR . error

    error  shift, and go to state 124
    INT    shift, and go to state 57
    FLOAT  shift, and go to state 58
    ID     shift, and go to state 59
    MINUS  shift, and go to state 60
    NOT    shift, and go to state 61
    LP     shift, and go to state 62

    Exp  go to state 125


State 96

   61 Exp: Exp DIV . Exp
   79    | Exp DIV . error

    error  shift, and go to state 126
    INT    shift, and go to state 57
    FLOAT  shift, and go to state 58
    ID     shift, and go to state 59
    MINUS  shift, and go to state 60
    NOT    shift, and go to state 61
    LP     shift, and go to state 62

    Exp  go to state 127


State 97

   55 Exp: Exp AND . Exp
   73    | Exp AND . error

    error  shift, and go to state 128
    INT    shift, and go to state 57
    FLOAT  shift, and go to state 58
    ID     shift, and go to state 59
    MINUS  shift, and go to state 60
    NOT    shift, and go to state 61
    LP     shift, and go to state 62

    Exp  go to state 129


State 98

   56 Exp: Exp OR . Exp
   74    | Exp OR . error

    error  shift, and go to state 130
    INT    shift, and go to state 57
    FLOAT  shift, and go to state 58
    ID     shift, and go to state 59
    MINUS  shift, and go to state 60
    NOT    shift, and go to state 61
    LP     shift, and go to state 62

    Exp  go to state 131


State 99

   68 Exp: Exp DOT . ID

    ID  shift, and go to state 132


State 100

   67 Exp: Exp LB . Exp RB
   84    | Exp LB . error RB

    error  shift, and go to state 133
    INT    shift, and go to state 57
    FLOAT  shift, and go to state 58
    ID     shift, and go to state 59
    MINUS  shift, and go to state 60
    NOT    shift, and go to state 61
    LP     shift, and go to state 62

    Exp  go to state 134


State 101

   53 Dec: VarDec ASSIGNOP Exp .
   54 Exp: Exp . ASSIGNOP Exp
   55    | Exp . AND Exp
   56    | Exp . OR Exp
   57    | Exp . RELOP Exp
   58    | Exp . PLUS Exp
   59    | Exp . MINUS Exp
   60    | Exp . STAR Exp
   61    | Exp . DIV Exp
   67    | Exp . LB Exp RB
   68    | Exp . DOT ID
   72    | Exp . ASSIGNOP error
   73    | Exp . AND error
   74    | Exp . OR error
   75    | Exp . RELOP error
   76    | Exp . PLUS error
   77    | Exp . MINUS error
   78    | Exp . STAR error
   79    | Exp . DIV error
   84    | Exp . LB error RB

    ASSIGNOP  shift, and go to state 91
    RELOP     shift, and go to state 92
    PLUS      shift, and go to state 93
    MINUS     shift, and go to state 94
    STAR      shift, and go to state 95
    DIV       shift, and go to state 96
    AND       shift, and go to state 97
    OR        shift, and go to state 98
    DOT       shift, and go to state 99
    LB        shift, and go to state 100

    $default  reduce using rule 53 (Dec)


State 102

   51 DecList: Dec COMMA DecList .

    $default  reduce using rule 51 (DecList)


State 103

   83 Exp: ID LP error . RP

    RP  shift, and go to state 135


State 104

   66 Exp: ID LP RP .

    $default  reduce using rule 66 (Exp)


State 105

   54 Exp: Exp . ASSIGNOP Exp
   55    | Exp . AND Exp
   56    | Exp . OR Exp
   57    | Exp . RELOP Exp
   58    | Exp . PLUS Exp
   59    | Exp . MINUS Exp
   60    | Exp . STAR Exp
   61    | Exp . DIV Exp
   67    | Exp . LB Exp RB
   68    | Exp . DOT ID
   72    | Exp . ASSIGNOP error
   73    | Exp . AND error
   74    | Exp . OR error
   75    | Exp . RELOP error
   76    | Exp . PLUS error
   77    | Exp . MINUS error
   78    | Exp . STAR error
   79    | Exp . DIV error
   84    | Exp . LB error RB
   85 Args: Exp . COMMA Args
   86     | Exp .

    COMMA     shift, and go to state 136
    ASSIGNOP  shift, and go to state 91
    RELOP     shift, and go to state 92
    PLUS      shift, and go to state 93
    MINUS     shift, and go to state 94
    STAR      shift, and go to state 95
    DIV       shift, and go to state 96
    AND       shift, and go to state 97
    OR        shift, and go to state 98
    DOT       shift, and go to state 99
    LB        shift, and go to state 100

    $default  reduce using rule 86 (Args)


State 106

   65 Exp: ID LP Args . RP

    RP  shift, and go to state 137


State 107

   80 Exp: LP error RP .

    $default  reduce using rule 80 (Exp)


State 108

   62 Exp: LP Exp RP .

    $default  reduce using rule 62 (Exp)


State 109

   41 Stmt: RETURN Exp error .

    $default  reduce using rule 41 (Stmt)


State 110

   35 Stmt: RETURN Exp SEMI .

    $default  reduce using rule 35 (Stmt)


State 111

   42 Stmt: IF LP error . RP Stmt
   43     | IF LP error . RP Stmt ELSE Stmt

    RP  shift, and go to state 138


State 112

   36 Stmt: IF LP Exp . RP Stmt
   37     | IF LP Exp . RP Stmt ELSE Stmt
   54 Exp: Exp . ASSIGNOP Exp
   55    | Exp . AND Exp
   56    | Exp . OR Exp
   57    | Exp . RELOP Exp
   58    | Exp . PLUS Exp
   59    | Exp . MINUS Exp
   60    | Exp . STAR Exp
   61    | Exp . DIV Exp
   67    | Exp . LB Exp RB
   68    | Exp . DOT ID
   72    | Exp . ASSIGNOP error
   73    | Exp . AND error
   74    | Exp . OR error
   75    | Exp . RELOP error
   76    | Exp . PLUS error
   77    | Exp . MINUS error
   78    | Exp . STAR error
   79    | Exp . DIV error
   84    | Exp . LB error RB

    ASSIGNOP  shift, and go to state 91
    RELOP     shift, and go to state 92
    PLUS      shift, and go to state 93
    MINUS     shift, and go to state 94
    STAR      shift, and go to state 95
    DIV       shift, and go to state 96
    AND       shift, and go to state 97
    OR        shift, and go to state 98
    DOT       shift, and go to state 99
    RP        shift, and go to state 139
    LB        shift, and go to state 100


State 113

   44 Stmt: WHILE LP error . RP Stmt

    RP  shift, and go to state 140


State 114

   38 Stmt: WHILE LP Exp . RP Stmt
   54 Exp: Exp . ASSIGNOP Exp
   55    | Exp . AND Exp
   56    | Exp . OR Exp
   57    | Exp . RELOP Exp
   58    | Exp . PLUS Exp
   59    | Exp . MINUS Exp
   60    | Exp . STAR Exp
   61    | Exp . DIV Exp
   67    | Exp . LB Exp RB
   68    | Exp . DOT ID
   72    | Exp . ASSIGNOP error
   73    | Exp . AND error
   74    | Exp . OR error
   75    | Exp . RELOP error
   76    | Exp . PLUS error
   77    | Exp . MINUS error
   78    | Exp . STAR error
   79    | Exp . DIV error
   84    | Exp . LB error RB

    ASSIGNOP  shift, and go to state 91
    RELOP     shift, and go to state 92
    PLUS      shift, and go to state 93
    MINUS     shift, and go to state 94
    STAR      shift, and go to state 95
    DIV       shift, and go to state 96
    AND       shift, and go to state 97
    OR        shift, and go to state 98
    DOT       shift, and go to state 99
    RP        shift, and go to state 141
    LB        shift, and go to state 100


State 115

   33 Stmt: Exp error SEMI .

    $default  reduce using rule 33 (Stmt)


State 116

   72 Exp: Exp ASSIGNOP error .

    $default  reduce using rule 72 (Exp)


State 117

   54 Exp: Exp . ASSIGNOP Exp
   54    | Exp ASSIGNOP Exp .
   55    | Exp . AND Exp
   56    | Exp . OR Exp
   57    | Exp . RELOP Exp
   58    | Exp . PLUS Exp
   59    | Exp . MINUS Exp
   60    | Exp . STAR Exp
   61    | Exp . DIV Exp
   67    | Exp . LB Exp RB
   68    | Exp . DOT ID
   72    | Exp . ASSIGNOP error
   73    | Exp . AND error
   74    | Exp . OR error
   75    | Exp . RELOP error
   76    | Exp . PLUS error
   77    | Exp . MINUS error
   78    | Exp . STAR error
   79    | Exp . DIV error
   84    | Exp . LB error RB

    ASSIGNOP  shift, and go to state 91
    RELOP     shift, and go to state 92
    PLUS      shift, and go to state 93
    MINUS     shift, and go to state 94
    STAR      shift, and go to state 95
    DIV       shift, and go to state 96
    AND       shift, and go to state 97
    OR        shift, and go to state 98
    DOT       shift, and go to state 99
    LB        shift, and go to state 100

    $default  reduce using rule 54 (Exp)


State 118

   75 Exp: Exp RELOP error .

    $default  reduce using rule 75 (Exp)


State 119

   54 Exp: Exp . ASSIGNOP Exp
   55    | Exp . AND Exp
   56    | Exp . OR Exp
   57    | Exp . RELOP Exp
   57    | Exp RELOP Exp .
   58    | Exp . PLUS Exp
   59    | Exp . MINUS Exp
   60    | Exp . STAR Exp
   61    | Exp . DIV Exp
   67    | Exp . LB Exp RB
   68    | Exp . DOT ID
   72    | Exp . ASSIGNOP error
   73    | Exp . AND error
   74    | Exp . OR error
   75    | Exp . RELOP error
   76    | Exp . PLUS error
   77    | Exp . MINUS error
   78    | Exp . STAR error
   79    | Exp . DIV error
   84    | Exp . LB error RB

    PLUS   shift, and go to state 93
    MINUS  shift, and go to state 94
    STAR   shift, and go to state 95
    DIV    shift, and go to state 96
    DOT    shift, and go to state 99
    LB     shift, and go to state 100

    $default  reduce using rule 57 (Exp)


State 120

   76 Exp: Exp PLUS error .

    $default  reduce using rule 76 (Exp)


State 121

   54 Exp: Exp . ASSIGNOP Exp
   55    | Exp . AND Exp
   56    | Exp . OR Exp
   57    | Exp . RELOP Exp
   58    | Exp . PLUS Exp
   58    | Exp PLUS Exp .
   59    | Exp . MINUS Exp
   60    | Exp . STAR Exp
   61    | Exp . DIV Exp
   67    | Exp . LB Exp RB
   68    | Exp . DOT ID
   72    | Exp . ASSIGNOP error
   73    | Exp . AND error
   74    | Exp . OR error
   75    | Exp . RELOP error
   76    | Exp . PLUS error
   77    | Exp . MINUS error
   78    | Exp . STAR error
   79    | Exp . DIV error
   84    | Exp . LB error RB

    STAR  shift, and go to state 95
    DIV   shift, and go to state 96
    DOT   shift, and go to state 99
    LB    shift, and go to state 100

    $default  reduce using rule 58 (Exp)


State 122

   77 Exp: Exp MINUS error .

    $default  reduce using rule 77 (Exp)


State 123

   54 Exp: Exp . ASSIGNOP Exp
   55    | Exp . AND Exp
   56    | Exp . OR Exp
   57    | Exp . RELOP Exp
   58    | Exp . PLUS Exp
   59    | Exp . MINUS Exp
   59    | Exp MINUS Exp .
   60    | Exp . STAR Exp
   61    | Exp . DIV Exp
   67    | Exp . LB Exp RB
   68    | Exp . DOT ID
   72    | Exp . ASSIGNOP error
   73    | Exp . AND error
   74    | Exp . OR error
   75    | Exp . RELOP error
   76    | Exp . PLUS error
   77    | Exp . MINUS error
   78    | Exp . STAR error
   79    | Exp . DIV error
   84    | Exp . LB error RB

    STAR  shift, and go to state 95
    DIV   shift, and go to state 96
    DOT   shift, and go to state 99
    LB    shift, and go to state 100

    $default  reduce using rule 59 (Exp)


State 124

   78 Exp: Exp STAR error .

    $default  reduce using rule 78 (Exp)


State 125

   54 Exp: Exp . ASSIGNOP Exp
   55    | Exp . AND Exp
   56    | Exp . OR Exp
   57    | Exp . RELOP Exp
   58    | Exp . PLUS Exp
   59    | Exp . MINUS Exp
   60    | Exp . STAR Exp
   60    | Exp STAR Exp .
   61    | Exp . DIV Exp
   67    | Exp . LB Exp RB
   68    | Exp . DOT ID
   72    | Exp . ASSIGNOP error
   73    | Exp . AND error
   74    | Exp . OR error
   75    | Exp . RELOP error
   76    | Exp . PLUS error
   77    | Exp . MINUS error
   78    | Exp . STAR error
   79    | Exp . DIV error
   84    | Exp . LB error RB

    DOT  shift, and go to state 99
    LB   shift, and go to state 100

    $default  reduce using rule 60 (Exp)


State 126

   79 Exp: Exp DIV error .

    $default  reduce using rule 79 (Exp)


State 127

   54 Exp: Exp . ASSIGNOP Exp
   55    | Exp . AND Exp
   56    | Exp . OR Exp
   57    | Exp . RELOP Exp
   58    | Exp . PLUS Exp
   59    | Exp . MINUS Exp
   60    | Exp . STAR Exp
   61    | Exp . DIV Exp
   61    | Exp DIV Exp .
   67    | Exp . LB Exp RB
   68    | Exp . DOT ID
   72    | Exp . ASSIGNOP error
   73    | Exp . AND error
   74    | Exp . OR error
   75    | Exp . RELOP error
   76    | Exp . PLUS error
   77    | Exp . MINUS error
   78    | Exp . STAR error
   79    | Exp . DIV error
   84    | Exp . LB error RB

    DOT  shift, and go to state 99
    LB   shift, and go to state 100

    $default  reduce using rule 61 (Exp)


State 128

   73 Exp: Exp AND error .

    $default  reduce using rule 73 (Exp)


State 129

   54 Exp: Exp . ASSIGNOP Exp
   55    | Exp . AND Exp
   55    | Exp AND Exp .
   56    | Exp . OR Exp
   57    | Exp . RELOP Exp
   58    | Exp . PLUS Exp
   59    | Exp . MINUS Exp
   60    | Exp . STAR Exp
   61    | Exp . DIV Exp
   67    | Exp . LB Exp RB
   68    | Exp . DOT ID
   72    | Exp . ASSIGNOP error
   73    | Exp . AND error
   74    | Exp . OR error
   75    | Exp . RELOP error
   76    | Exp . PLUS error
   77    | Exp . MINUS error
   78    | Exp . STAR error
   79    | Exp . DIV error
   84    | Exp . LB error RB

    RELOP  shift, and go to state 92
    PLUS   shift, and go to state 93
    MINUS  shift, and go to state 94
    STAR   shift, and go to state 95
    DIV    shift, and go to state 96
    DOT    shift, and go to state 99
    LB     shift, and go to state 100

    $default  reduce using rule 55 (Exp)


State 130

   74 Exp: Exp OR error .

    $default  reduce using rule 74 (Exp)


State 131

   54 Exp: Exp . ASSIGNOP Exp
   55    | Exp . AND Exp
   56    | Exp . OR Exp
   56    | Exp OR Exp .
   57    | Exp . RELOP Exp
   58    | Exp . PLUS Exp
   59    | Exp . MINUS Exp
   60    | Exp . STAR Exp
   61    | Exp . DIV Exp
   67    | Exp . LB Exp RB
   68    | Exp . DOT ID
   72    | Exp . ASSIGNOP error
   73    | Exp . AND error
   74    | Exp . OR error
   75    | Exp . RELOP error
   76    | Exp . PLUS error
   77    | Exp . MINUS error
   78    | Exp . STAR error
   79    | Exp . DIV error
   84    | Exp . LB error RB

    RELOP  shift, and go to state 92
    PLUS   shift, and go to state 93
    MINUS  shift, and go to state 94
    STAR   shift, and go to state 95
    DIV    shift, and go to state 96
    AND    shift, and go to state 97
    DOT    shift, and go to state 99
    LB     shift, and go to state 100

    $default  reduce using rule 56 (Exp)


State 132

   68 Exp: Exp DOT ID .

    $default  reduce using rule 68 (Exp)


State 133

   84 Exp: Exp LB error . RB

    RB  shift, and go to state 142


State 134

   54 Exp: Exp . ASSIGNOP Exp
   55    | Exp . AND Exp
   56    | Exp . OR Exp
   57    | Exp . RELOP Exp
   58    | Exp . PLUS Exp
   59    | Exp . MINUS Exp
   60    | Exp . STAR Exp
   61    | Exp . DIV Exp
   67    | Exp . LB Exp RB
   67    | Exp LB Exp . RB
   68    | Exp . DOT ID
   72    | Exp . ASSIGNOP error
   73    | Exp . AND error
   74    | Exp . OR error
   75    | Exp . RELOP error
   76    | Exp . PLUS error
   77    | Exp . MINUS error
   78    | Exp . STAR error
   79    | Exp . DIV error
   84    | Exp . LB error RB

    ASSIGNOP  shift, and go to state 91
    RELOP     shift, and go to state 92
    PLUS      shift, and go to state 93
    MINUS     shift, and go to state 94
    STAR      shift, and go to state 95
    DIV       shift, and go to state 96
    AND       shift, and go to state 97
    OR        shift, and go to state 98
    DOT       shift, and go to state 99
    LB        shift, and go to state 100
    RB        shift, and go to state 143


State 135

   83 Exp: ID LP error RP .

    $default  reduce using rule 83 (Exp)


State 136

   85 Args: Exp COMMA . Args

    INT    shift, and go to state 57
    FLOAT  shift, and go to state 58
    ID     shift, and go to state 59
    MINUS  shift, and go to state 60
    NOT    shift, and go to state 61
    LP     shift, and go to state 62

    Exp   go to state 105
    Args  go to state 144


State 137

   65 Exp: ID LP Args RP .

    $default  reduce using rule 65 (Exp)


State 138

   42 Stmt: IF LP error RP . Stmt
   43     | IF LP error RP . Stmt ELSE Stmt

    error   shift, and go to state 56
    INT     shift, and go to state 57
    FLOAT   shift, and go to state 58
    ID      shift, and go to state 59
    MINUS   shift, and go to state 60
    NOT     shift, and go to state 61
    LP      shift, and go to state 62
    LC      shift, and go to state 28
    RETURN  shift, and go to state 63
    IF      shift, and go to state 64
    WHILE   shift, and go to state 65

    CompSt  go to state 66
    Stmt    go to state 145
    Exp     go to state 69


State 139

   36 Stmt: IF LP Exp RP . Stmt
   37     | IF LP Exp RP . Stmt ELSE Stmt

    error   shift, and go to state 56
    INT     shift, and go to state 57
    FLOAT   shift, and go to state 58
    ID      shift, and go to state 59
    MINUS   shift, and go to state 60
    NOT     shift, and go to state 61
    LP      shift, and go to state 62
    LC      shift, and go to state 28
    RETURN  shift, and go to state 63
    IF      shift, and go to state 64
    WHILE   shift, and go to state 65

    CompSt  go to state 66
    Stmt    go to state 146
    Exp     go to state 69


State 140

   44 Stmt: WHILE LP error RP . Stmt

    error   shift, and go to state 56
    INT     shift, and go to state 57
    FLOAT   shift, and go to state 58
    ID      shift, and go to state 59
    MINUS   shift, and go to state 60
    NOT     shift, and go to state 61
    LP      shift, and go to state 62
    LC      shift, and go to state 28
    RETURN  shift, and go to state 63
    IF      shift, and go to state 64
    WHILE   shift, and go to state 65

    CompSt  go to state 66
    Stmt    go to state 147
    Exp     go to state 69


State 141

   38 Stmt: WHILE LP Exp RP . Stmt

    error   shift, and go to state 56
    INT     shift, and go to state 57
    FLOAT   shift, and go to state 58
    ID      shift, and go to state 59
    MINUS   shift, and go to state 60
    NOT     shift, and go to state 61
    LP      shift, and go to state 62
    LC      shift, and go to state 28
    RETURN  shift, and go to state 63
    IF      shift, and go to state 64
    WHILE   shift, and go to state 65

    CompSt  go to state 66
    Stmt    go to state 148
    Exp     go to state 69


State 142

   84 Exp: Exp LB error RB .

    $default  reduce using rule 84 (Exp)


State 143

   67 Exp: Exp LB Exp RB .

    $default  reduce using rule 67 (Exp)


State 144

   85 Args: Exp COMMA Args .

    $default  reduce using rule 85 (Args)


State 145

   42 Stmt: IF LP error RP Stmt .
   43     | IF LP error RP Stmt . ELSE Stmt

    ELSE  shift, and go to state 149

    $default  reduce using rule 42 (Stmt)


State 146

   36 Stmt: IF LP Exp RP Stmt .
   37     | IF LP Exp RP Stmt . ELSE Stmt

    ELSE  shift, and go to state 150

    $default  reduce using rule 36 (Stmt)


State 147

   44 Stmt: WHILE LP error RP Stmt .

    $default  reduce using rule 44 (Stmt)


State 148

   38 Stmt: WHILE LP Exp RP Stmt .

    $default  reduce using rule 38 (Stmt)


State 149

   43 Stmt: IF LP error RP Stmt ELSE . Stmt

    error   shift, and go to state 56
    INT     shift, and go to state 57
    FLOAT   shift, and go to state 58
    ID      shift, and go to state 59
    MINUS   shift, and go to state 60
    NOT     shift, and go to state 61
    LP      shift, and go to state 62
    LC      shift, and go to state 28
    RETURN  shift, and go to state 63
    IF      shift, and go to state 64
    WHILE   shift, and go to state 65

    CompSt  go to state 66
    Stmt    go to state 151
    Exp     go to state 69


State 150

   37 Stmt: IF LP Exp RP Stmt ELSE . Stmt

    error   shift, and go to state 56
    INT     shift, and go to state 57
    FLOAT   shift, and go to state 58
    ID      shift, and go to state 59
    MINUS   shift, and go to state 60
    NOT     shift, and go to state 61
    LP      shift, and go to state 62
    LC      shift, and go to state 28
    RETURN  shift, and go to state 63
    IF      shift, and go to state 64
    WHILE   shift, and go to state 65

    CompSt  go to state 66
    Stmt    go to state 152
    Exp     go to state 69


State 151

   43 Stmt: IF LP error RP Stmt ELSE Stmt .

    $default  reduce using rule 43 (Stmt)


State 152

   37 Stmt: IF LP Exp RP Stmt ELSE Stmt .

    $default  reduce using rule 37 (Stmt)
